#
# There is insufficient memory for the Java Runtime Environment to continue.
# Native memory allocation (mmap) failed to map 138412032 bytes for Failed to commit area from 0x00000000c8400000 to 0x00000000d0800000 of length 138412032.
# Possible reasons:
#   The system is out of physical RAM or swap space
#   In 32 bit mode, the process size limit was hit
# Possible solutions:
#   Reduce memory load on the system
#   Increase physical memory or swap space
#   Check if swap backing store is full
#   Use 64 bit Java on a 64 bit OS
#   Decrease Java heap size (-Xmx/-Xms)
#   Decrease number of Java threads
#   Decrease Java thread stack sizes (-Xss)
#   Set larger code cache with -XX:ReservedCodeCacheSize=
# This output file may be truncated or incomplete.
#
#  Out of Memory Error (os_windows.cpp:3332), pid=7580, tid=0x0000000000001e78
#
# JRE version: Java(TM) SE Runtime Environment (8.0_102-b14) (build 1.8.0_102-b14)
# Java VM: Java HotSpot(TM) 64-Bit Server VM (25.102-b14 mixed mode windows-amd64 compressed oops)
# Failed to write core dump. Minidumps are not enabled by default on client versions of Windows
#

---------------  T H R E A D  ---------------

Current thread (0x000000001844f800):  VMThread [stack: 0x00000000181e0000,0x00000000182e0000] [id=7800]

Stack: [0x00000000181e0000,0x00000000182e0000]
[error occurred during error reporting (printing stack bounds), id 0xc0000005]

Native frames: (J=compiled Java code, j=interpreted, Vv=VM code, C=native code)

VM_Operation (0x000000001b8ce890): G1IncCollectionPause, mode: safepoint, requested by thread 0x0000000018749000


---------------  P R O C E S S  ---------------

Java Threads: ( => current thread )
  0x000000001aaf9800 JavaThread "ForkJoinPool.commonPool-worker-1" daemon [_thread_blocked, id=5376, stack(0x000000001fa30000,0x000000001fb30000)]
  0x000000001aaf8000 JavaThread "Worker-7" [_thread_blocked, id=3436, stack(0x000000001f630000,0x000000001f730000)]
  0x000000001aaf5800 JavaThread "Worker-6: Java indexing... " [_thread_blocked, id=6352, stack(0x000000001dfa0000,0x000000001e0a0000)]
  0x000000001aafa000 JavaThread "Worker-4" [_thread_blocked, id=3380, stack(0x000000001f730000,0x000000001f830000)]
  0x0000000019c54800 JavaThread "Worker-2" [_thread_blocked, id=4068, stack(0x000000001f530000,0x000000001f630000)]
  0x0000000019c52800 JavaThread "Bundle File Closer" daemon [_thread_blocked, id=7364, stack(0x000000001d8a0000,0x000000001d9a0000)]
  0x000000001998d000 JavaThread "pool-1-thread-1" [_thread_in_native, id=7212, stack(0x000000001d4a0000,0x000000001d5a0000)]
  0x0000000019a1e800 JavaThread "pool-2-thread-1" [_thread_blocked, id=4152, stack(0x000000001d1a0000,0x000000001d2a0000)]
  0x000000001ab49000 JavaThread "Worker-1" [_thread_blocked, id=7432, stack(0x000000001d0a0000,0x000000001d1a0000)]
  0x0000000018749000 JavaThread "Java indexing" daemon [_thread_blocked, id=2816, stack(0x000000001b7d0000,0x000000001b8d0000)]
  0x000000001af2f000 JavaThread "Worker-0" [_thread_blocked, id=6856, stack(0x000000001cfa0000,0x000000001d0a0000)]
  0x000000001ab5c000 JavaThread "Worker-JM" [_thread_blocked, id=2024, stack(0x000000001cca0000,0x000000001cda0000)]
  0x000000001aa9b800 JavaThread "Refresh Thread: Equinox Container: de81b465-9796-4f12-8071-386f0ec23b04" daemon [_thread_blocked, id=4900, stack(0x000000001b6d0000,0x000000001b7d0000)]
  0x0000000019c44800 JavaThread "Start Level: Equinox Container: de81b465-9796-4f12-8071-386f0ec23b04" daemon [_thread_blocked, id=3924, stack(0x000000001a600000,0x000000001a700000)]
  0x0000000019da9800 JavaThread "Framework Event Dispatcher: Equinox Container: de81b465-9796-4f12-8071-386f0ec23b04" daemon [_thread_blocked, id=4844, stack(0x000000001a500000,0x000000001a600000)]
  0x000000001854d000 JavaThread "Active Thread: Equinox Container: de81b465-9796-4f12-8071-386f0ec23b04" [_thread_blocked, id=4604, stack(0x000000001a300000,0x000000001a400000)]
  0x000000001850b000 JavaThread "Service Thread" daemon [_thread_blocked, id=7952, stack(0x0000000019200000,0x0000000019300000)]
  0x00000000184cb800 JavaThread "C1 CompilerThread2" daemon [_thread_blocked, id=7948, stack(0x0000000019100000,0x0000000019200000)]
  0x00000000184c8800 JavaThread "C2 CompilerThread1" daemon [_thread_in_native, id=7944, stack(0x0000000019000000,0x0000000019100000)]
  0x00000000184c7800 JavaThread "C2 CompilerThread0" daemon [_thread_blocked, id=7940, stack(0x0000000018f00000,0x0000000019000000)]
  0x00000000184c3800 JavaThread "Attach Listener" daemon [_thread_blocked, id=7936, stack(0x0000000018e00000,0x0000000018f00000)]
  0x00000000184ba800 JavaThread "Signal Dispatcher" daemon [_thread_blocked, id=7932, stack(0x0000000018d00000,0x0000000018e00000)]
  0x00000000184b9800 JavaThread "Surrogate Locker Thread (Concurrent GC)" daemon [_thread_blocked, id=7928, stack(0x0000000018c00000,0x0000000018d00000)]
  0x000000001845b000 JavaThread "Finalizer" daemon [_thread_blocked, id=7900, stack(0x00000000188c0000,0x00000000189c0000)]
  0x0000000018454800 JavaThread "Reference Handler" daemon [_thread_blocked, id=7896, stack(0x00000000187c0000,0x00000000188c0000)]
  0x0000000002692800 JavaThread "main" [_thread_blocked, id=7612, stack(0x0000000002270000,0x0000000002370000)]

Other Threads:
=>0x000000001844f800 VMThread [stack: 0x00000000181e0000,0x00000000182e0000] [id=7800]
  0x0000000018542800 WatcherThread [stack: 0x0000000019300000,0x0000000019400000] [id=7956]

VM state:at safepoint (normal execution)

VM Mutex/Monitor currently owned by a thread:  ([mutex/lock_event])
[0x00000000026913d0] Threads_lock - owner thread: 0x000000001844f800
[0x0000000002690e50] Heap_lock - owner thread: 0x0000000018749000

Heap:
 garbage-first heap   total 270336K, used 59795K [0x00000000c0000000, 0x00000000c0100840, 0x0000000100000000)
  region size 1024K, 8 young (8192K), 8 survivors (8192K)
 Metaspace       used 39662K, capacity 41918K, committed 42192K, reserved 1087488K
  class space    used 4325K, capacity 5007K, committed 5072K, reserved 1048576K

Heap Regions: (Y=young(eden), SU=young(survivor), HS=humongous(starts), HC=humongous(continues), CS=collection set, F=free, TS=gc time stamp, PTAMS=previous top-at-mark-start, NTAMS=next top-at-mark-start)
AC   0  O    TS     0 PTAMS 0x00000000c0100000 NTAMS 0x00000000c0100000 space 1024K, 100% used [0x00000000c0000000, 0x00000000c0100000)
AC   0  O    TS     0 PTAMS 0x00000000c0200000 NTAMS 0x00000000c0200000 space 1024K, 100% used [0x00000000c0100000, 0x00000000c0200000)
AC   0  O    TS     0 PTAMS 0x00000000c0300000 NTAMS 0x00000000c0300000 space 1024K, 100% used [0x00000000c0200000, 0x00000000c0300000)
AC   0  O    TS     0 PTAMS 0x00000000c0400000 NTAMS 0x00000000c0400000 space 1024K, 100% used [0x00000000c0300000, 0x00000000c0400000)
AC   0 HS    TS     0 PTAMS 0x00000000c04d8008 NTAMS 0x00000000c04d8008 space 1024K,  84% used [0x00000000c0400000, 0x00000000c0500000)
AC   0  O    TS     0 PTAMS 0x00000000c0600000 NTAMS 0x00000000c0600000 space 1024K, 100% used [0x00000000c0500000, 0x00000000c0600000)
AC   0  O    TS     0 PTAMS 0x00000000c0700000 NTAMS 0x00000000c0700000 space 1024K, 100% used [0x00000000c0600000, 0x00000000c0700000)
AC   0  O    TS     0 PTAMS 0x00000000c0800000 NTAMS 0x00000000c0800000 space 1024K, 100% used [0x00000000c0700000, 0x00000000c0800000)
AC   0  O    TS     0 PTAMS 0x00000000c0900000 NTAMS 0x00000000c0900000 space 1024K, 100% used [0x00000000c0800000, 0x00000000c0900000)
AC   0  O    TS     5 PTAMS 0x00000000c0900000 NTAMS 0x00000000c0900000 space 1024K, 100% used [0x00000000c0900000, 0x00000000c0a00000)
AC   0  O    TS     0 PTAMS 0x00000000c0b00000 NTAMS 0x00000000c0b00000 space 1024K, 100% used [0x00000000c0a00000, 0x00000000c0b00000)
AC   0  O    TS     0 PTAMS 0x00000000c0c00000 NTAMS 0x00000000c0c00000 space 1024K, 100% used [0x00000000c0b00000, 0x00000000c0c00000)
AC   0  O    TS     0 PTAMS 0x00000000c0d00000 NTAMS 0x00000000c0d00000 space 1024K, 100% used [0x00000000c0c00000, 0x00000000c0d00000)
AC   0  O    TS     0 PTAMS 0x00000000c0e00000 NTAMS 0x00000000c0e00000 space 1024K, 100% used [0x00000000c0d00000, 0x00000000c0e00000)
AC   0  O    TS     0 PTAMS 0x00000000c0f00000 NTAMS 0x00000000c0f00000 space 1024K, 100% used [0x00000000c0e00000, 0x00000000c0f00000)
AC   0  O    TS     5 PTAMS 0x00000000c0f00000 NTAMS 0x00000000c0f00000 space 1024K, 100% used [0x00000000c0f00000, 0x00000000c1000000)
AC   0  O    TS     0 PTAMS 0x00000000c1100000 NTAMS 0x00000000c1100000 space 1024K, 100% used [0x00000000c1000000, 0x00000000c1100000)
AC   0  O    TS     0 PTAMS 0x00000000c1200000 NTAMS 0x00000000c1200000 space 1024K, 100% used [0x00000000c1100000, 0x00000000c1200000)
AC   0  O    TS     0 PTAMS 0x00000000c1300000 NTAMS 0x00000000c1300000 space 1024K, 100% used [0x00000000c1200000, 0x00000000c1300000)
AC   0  O    TS     0 PTAMS 0x00000000c1400000 NTAMS 0x00000000c1400000 space 1024K, 100% used [0x00000000c1300000, 0x00000000c1400000)
AC   0  O    TS     7 PTAMS 0x00000000c1400000 NTAMS 0x00000000c1400000 space 1024K, 100% used [0x00000000c1400000, 0x00000000c1500000)
AC   0  O    TS     9 PTAMS 0x00000000c1500000 NTAMS 0x00000000c1500000 space 1024K,  55% used [0x00000000c1500000, 0x00000000c1600000)
AC   0  O    TS     0 PTAMS 0x00000000c1700000 NTAMS 0x00000000c1700000 space 1024K, 100% used [0x00000000c1600000, 0x00000000c1700000)
AC   0  O    TS     0 PTAMS 0x00000000c1800000 NTAMS 0x00000000c1800000 space 1024K, 100% used [0x00000000c1700000, 0x00000000c1800000)
AC   0  O    TS     0 PTAMS 0x00000000c1900000 NTAMS 0x00000000c1900000 space 1024K, 100% used [0x00000000c1800000, 0x00000000c1900000)
AC   0  O    TS     0 PTAMS 0x00000000c1a00000 NTAMS 0x00000000c1a00000 space 1024K, 100% used [0x00000000c1900000, 0x00000000c1a00000)
AC   0  O    TS     0 PTAMS 0x00000000c1b00000 NTAMS 0x00000000c1b00000 space 1024K, 100% used [0x00000000c1a00000, 0x00000000c1b00000)
AC   0  O    TS     0 PTAMS 0x00000000c1c00000 NTAMS 0x00000000c1c00000 space 1024K, 100% used [0x00000000c1b00000, 0x00000000c1c00000)
AC   0  O    TS     0 PTAMS 0x00000000c1d00000 NTAMS 0x00000000c1d00000 space 1024K, 100% used [0x00000000c1c00000, 0x00000000c1d00000)
AC   0  F    TS     0 PTAMS 0x00000000c1d00000 NTAMS 0x00000000c1d00000 space 1024K,   0% used [0x00000000c1d00000, 0x00000000c1e00000)
AC   0  O    TS     5 PTAMS 0x00000000c1e00000 NTAMS 0x00000000c1e00000 space 1024K, 100% used [0x00000000c1e00000, 0x00000000c1f00000)
AC   0  O    TS     0 PTAMS 0x00000000c2000000 NTAMS 0x00000000c2000000 space 1024K, 100% used [0x00000000c1f00000, 0x00000000c2000000)
AC   0  O    TS     0 PTAMS 0x00000000c2100000 NTAMS 0x00000000c2100000 space 1024K, 100% used [0x00000000c2000000, 0x00000000c2100000)
AC   0  O    TS     0 PTAMS 0x00000000c2200000 NTAMS 0x00000000c2200000 space 1024K, 100% used [0x00000000c2100000, 0x00000000c2200000)
AC   0  O    TS     0 PTAMS 0x00000000c2300000 NTAMS 0x00000000c2300000 space 1024K, 100% used [0x00000000c2200000, 0x00000000c2300000)
AC   0  O    TS     0 PTAMS 0x00000000c2400000 NTAMS 0x00000000c2400000 space 1024K, 100% used [0x00000000c2300000, 0x00000000c2400000)
AC   0  O    TS     1 PTAMS 0x00000000c24c1400 NTAMS 0x00000000c24c1400 space 1024K, 100% used [0x00000000c2400000, 0x00000000c2500000)
AC   0  O    TS     0 PTAMS 0x00000000c2600000 NTAMS 0x00000000c2600000 space 1024K, 100% used [0x00000000c2500000, 0x00000000c2600000)
AC   0  O    TS     1 PTAMS 0x00000000c2600000 NTAMS 0x00000000c2600000 space 1024K, 100% used [0x00000000c2600000, 0x00000000c2700000)
AC   0  O    TS     0 PTAMS 0x00000000c2800000 NTAMS 0x00000000c2800000 space 1024K, 100% used [0x00000000c2700000, 0x00000000c2800000)
AC   0  O    TS     0 PTAMS 0x00000000c2900000 NTAMS 0x00000000c2900000 space 1024K, 100% used [0x00000000c2800000, 0x00000000c2900000)
AC   0  O    TS     7 PTAMS 0x00000000c2900000 NTAMS 0x00000000c2900000 space 1024K, 100% used [0x00000000c2900000, 0x00000000c2a00000)
AC   0  O    TS     1 PTAMS 0x00000000c2a00000 NTAMS 0x00000000c2a00000 space 1024K, 100% used [0x00000000c2a00000, 0x00000000c2b00000)
AC   0  O    TS     0 PTAMS 0x00000000c2c00000 NTAMS 0x00000000c2c00000 space 1024K, 100% used [0x00000000c2b00000, 0x00000000c2c00000)
AC   0  O    TS     0 PTAMS 0x00000000c2d00000 NTAMS 0x00000000c2d00000 space 1024K, 100% used [0x00000000c2c00000, 0x00000000c2d00000)
AC   0  O    TS     3 PTAMS 0x00000000c2d00000 NTAMS 0x00000000c2d00000 space 1024K, 100% used [0x00000000c2d00000, 0x00000000c2e00000)
AC   0  O    TS     3 PTAMS 0x00000000c2e00000 NTAMS 0x00000000c2e00000 space 1024K, 100% used [0x00000000c2e00000, 0x00000000c2f00000)
AC   0  O    TS     3 PTAMS 0x00000000c2f00000 NTAMS 0x00000000c2f00000 space 1024K, 100% used [0x00000000c2f00000, 0x00000000c3000000)
AC   0  F    TS     0 PTAMS 0x00000000c3000000 NTAMS 0x00000000c3000000 space 1024K,   0% used [0x00000000c3000000, 0x00000000c3100000)
AC   0  F    TS     0 PTAMS 0x00000000c3100000 NTAMS 0x00000000c3100000 space 1024K,   0% used [0x00000000c3100000, 0x00000000c3200000)
AC   0  F    TS     0 PTAMS 0x00000000c3200000 NTAMS 0x00000000c3200000 space 1024K,   0% used [0x00000000c3200000, 0x00000000c3300000)
AC   0  O    TS     3 PTAMS 0x00000000c3300000 NTAMS 0x00000000c3300000 space 1024K, 100% used [0x00000000c3300000, 0x00000000c3400000)
AC   0  O    TS     3 PTAMS 0x00000000c3400000 NTAMS 0x00000000c3400000 space 1024K, 100% used [0x00000000c3400000, 0x00000000c3500000)
AC   0  O    TS     3 PTAMS 0x00000000c3500000 NTAMS 0x00000000c3500000 space 1024K, 100% used [0x00000000c3500000, 0x00000000c3600000)
AC   0  O    TS     5 PTAMS 0x00000000c3600000 NTAMS 0x00000000c3600000 space 1024K, 100% used [0x00000000c3600000, 0x00000000c3700000)
AC   0  F    TS     1 PTAMS 0x00000000c3700000 NTAMS 0x00000000c3700000 space 1024K,   0% used [0x00000000c3700000, 0x00000000c3800000)
AC   0  F    TS     1 PTAMS 0x00000000c3800000 NTAMS 0x00000000c3800000 space 1024K,   0% used [0x00000000c3800000, 0x00000000c3900000)
AC   0  F    TS     7 PTAMS 0x00000000c3900000 NTAMS 0x00000000c3900000 space 1024K,   0% used [0x00000000c3900000, 0x00000000c3a00000)
AC   0  F    TS     0 PTAMS 0x00000000c3a00000 NTAMS 0x00000000c3a00000 space 1024K,   0% used [0x00000000c3a00000, 0x00000000c3b00000)
AC   0  F    TS     0 PTAMS 0x00000000c3b00000 NTAMS 0x00000000c3b00000 space 1024K,   0% used [0x00000000c3b00000, 0x00000000c3c00000)
AC   0  F    TS     0 PTAMS 0x00000000c3c00000 NTAMS 0x00000000c3c00000 space 1024K,   0% used [0x00000000c3c00000, 0x00000000c3d00000)
AC   0  F    TS     0 PTAMS 0x00000000c3d00000 NTAMS 0x00000000c3d00000 space 1024K,   0% used [0x00000000c3d00000, 0x00000000c3e00000)
AC   0  F    TS     5 PTAMS 0x00000000c3e00000 NTAMS 0x00000000c3e00000 space 1024K,   0% used [0x00000000c3e00000, 0x00000000c3f00000)
AC   0  F    TS     0 PTAMS 0x00000000c3f00000 NTAMS 0x00000000c3f00000 space 1024K,   0% used [0x00000000c3f00000, 0x00000000c4000000)
AC   0  F    TS     3 PTAMS 0x00000000c4000000 NTAMS 0x00000000c4000000 space 1024K,   0% used [0x00000000c4000000, 0x00000000c4100000)
AC   0  F    TS     0 PTAMS 0x00000000c4100000 NTAMS 0x00000000c4100000 space 1024K,   0% used [0x00000000c4100000, 0x00000000c4200000)
AC   0  S CS TS     9 PTAMS 0x00000000c4200000 NTAMS 0x00000000c4200000 space 1024K, 100% used [0x00000000c4200000, 0x00000000c4300000)
AC   0  S CS TS     9 PTAMS 0x00000000c4300000 NTAMS 0x00000000c4300000 space 1024K, 100% used [0x00000000c4300000, 0x00000000c4400000)
AC   0  S CS TS     9 PTAMS 0x00000000c4400000 NTAMS 0x00000000c4400000 space 1024K, 100% used [0x00000000c4400000, 0x00000000c4500000)
AC   0  S CS TS     9 PTAMS 0x00000000c4500000 NTAMS 0x00000000c4500000 space 1024K, 100% used [0x00000000c4500000, 0x00000000c4600000)
AC   0  S CS TS     9 PTAMS 0x00000000c4600000 NTAMS 0x00000000c4600000 space 1024K, 100% used [0x00000000c4600000, 0x00000000c4700000)
AC   0  S CS TS     9 PTAMS 0x00000000c4700000 NTAMS 0x00000000c4700000 space 1024K, 100% used [0x00000000c4700000, 0x00000000c4800000)
AC   0  S CS TS     9 PTAMS 0x00000000c4800000 NTAMS 0x00000000c4800000 space 1024K, 100% used [0x00000000c4800000, 0x00000000c4900000)
AC   0  S CS TS     9 PTAMS 0x00000000c4900000 NTAMS 0x00000000c4900000 space 1024K, 100% used [0x00000000c4900000, 0x00000000c4a00000)
AC   0  F    TS     7 PTAMS 0x00000000c4a00000 NTAMS 0x00000000c4a00000 space 1024K,   0% used [0x00000000c4a00000, 0x00000000c4b00000)
AC   0  F    TS     7 PTAMS 0x00000000c4b00000 NTAMS 0x00000000c4b00000 space 1024K,   0% used [0x00000000c4b00000, 0x00000000c4c00000)
AC   0  F    TS     7 PTAMS 0x00000000c4c00000 NTAMS 0x00000000c4c00000 space 1024K,   0% used [0x00000000c4c00000, 0x00000000c4d00000)
AC   0  F    TS     7 PTAMS 0x00000000c4d00000 NTAMS 0x00000000c4d00000 space 1024K,   0% used [0x00000000c4d00000, 0x00000000c4e00000)
AC   0  F    TS     7 PTAMS 0x00000000c4e00000 NTAMS 0x00000000c4e00000 space 1024K,   0% used [0x00000000c4e00000, 0x00000000c4f00000)
AC   0  F    TS     7 PTAMS 0x00000000c4f00000 NTAMS 0x00000000c4f00000 space 1024K,   0% used [0x00000000c4f00000, 0x00000000c5000000)
AC   0  F    TS     7 PTAMS 0x00000000c5000000 NTAMS 0x00000000c5000000 space 1024K,   0% used [0x00000000c5000000, 0x00000000c5100000)
AC   0  F    TS     7 PTAMS 0x00000000c5100000 NTAMS 0x00000000c5100000 space 1024K,   0% used [0x00000000c5100000, 0x00000000c5200000)
AC   0  F    TS     7 PTAMS 0x00000000c5200000 NTAMS 0x00000000c5200000 space 1024K,   0% used [0x00000000c5200000, 0x00000000c5300000)
AC   0  F    TS     7 PTAMS 0x00000000c5300000 NTAMS 0x00000000c5300000 space 1024K,   0% used [0x00000000c5300000, 0x00000000c5400000)
AC   0  F    TS     7 PTAMS 0x00000000c5400000 NTAMS 0x00000000c5400000 space 1024K,   0% used [0x00000000c5400000, 0x00000000c5500000)
AC   0  F    TS     7 PTAMS 0x00000000c5500000 NTAMS 0x00000000c5500000 space 1024K,   0% used [0x00000000c5500000, 0x00000000c5600000)
AC   0  F    TS     7 PTAMS 0x00000000c5600000 NTAMS 0x00000000c5600000 space 1024K,   0% used [0x00000000c5600000, 0x00000000c5700000)
AC   0  F    TS     7 PTAMS 0x00000000c5700000 NTAMS 0x00000000c5700000 space 1024K,   0% used [0x00000000c5700000, 0x00000000c5800000)
AC   0  F    TS     7 PTAMS 0x00000000c5800000 NTAMS 0x00000000c5800000 space 1024K,   0% used [0x00000000c5800000, 0x00000000c5900000)
AC   0  F    TS     7 PTAMS 0x00000000c5900000 NTAMS 0x00000000c5900000 space 1024K,   0% used [0x00000000c5900000, 0x00000000c5a00000)
AC   0  F    TS     7 PTAMS 0x00000000c5a00000 NTAMS 0x00000000c5a00000 space 1024K,   0% used [0x00000000c5a00000, 0x00000000c5b00000)
AC   0  F    TS     7 PTAMS 0x00000000c5b00000 NTAMS 0x00000000c5b00000 space 1024K,   0% used [0x00000000c5b00000, 0x00000000c5c00000)
AC   0  F    TS     7 PTAMS 0x00000000c5c00000 NTAMS 0x00000000c5c00000 space 1024K,   0% used [0x00000000c5c00000, 0x00000000c5d00000)
AC   0  F    TS     7 PTAMS 0x00000000c5d00000 NTAMS 0x00000000c5d00000 space 1024K,   0% used [0x00000000c5d00000, 0x00000000c5e00000)
AC   0  F    TS     7 PTAMS 0x00000000c5e00000 NTAMS 0x00000000c5e00000 space 1024K,   0% used [0x00000000c5e00000, 0x00000000c5f00000)
AC   0  F    TS     7 PTAMS 0x00000000c5f00000 NTAMS 0x00000000c5f00000 space 1024K,   0% used [0x00000000c5f00000, 0x00000000c6000000)
AC   0  F    TS     7 PTAMS 0x00000000c6000000 NTAMS 0x00000000c6000000 space 1024K,   0% used [0x00000000c6000000, 0x00000000c6100000)
AC   0  F    TS     7 PTAMS 0x00000000c6100000 NTAMS 0x00000000c6100000 space 1024K,   0% used [0x00000000c6100000, 0x00000000c6200000)
AC   0  F    TS     7 PTAMS 0x00000000c6200000 NTAMS 0x00000000c6200000 space 1024K,   0% used [0x00000000c6200000, 0x00000000c6300000)
AC   0  F    TS     7 PTAMS 0x00000000c6300000 NTAMS 0x00000000c6300000 space 1024K,   0% used [0x00000000c6300000, 0x00000000c6400000)
AC   0  F    TS     7 PTAMS 0x00000000c6400000 NTAMS 0x00000000c6400000 space 1024K,   0% used [0x00000000c6400000, 0x00000000c6500000)
AC   0  F    TS     7 PTAMS 0x00000000c6500000 NTAMS 0x00000000c6500000 space 1024K,   0% used [0x00000000c6500000, 0x00000000c6600000)
AC   0  F    TS     7 PTAMS 0x00000000c6600000 NTAMS 0x00000000c6600000 space 1024K,   0% used [0x00000000c6600000, 0x00000000c6700000)
AC   0  F    TS     7 PTAMS 0x00000000c6700000 NTAMS 0x00000000c6700000 space 1024K,   0% used [0x00000000c6700000, 0x00000000c6800000)
AC   0  F    TS     7 PTAMS 0x00000000c6800000 NTAMS 0x00000000c6800000 space 1024K,   0% used [0x00000000c6800000, 0x00000000c6900000)
AC   0  F    TS     7 PTAMS 0x00000000c6900000 NTAMS 0x00000000c6900000 space 1024K,   0% used [0x00000000c6900000, 0x00000000c6a00000)
AC   0  F    TS     7 PTAMS 0x00000000c6a00000 NTAMS 0x00000000c6a00000 space 1024K,   0% used [0x00000000c6a00000, 0x00000000c6b00000)
AC   0  F    TS     7 PTAMS 0x00000000c6b00000 NTAMS 0x00000000c6b00000 space 1024K,   0% used [0x00000000c6b00000, 0x00000000c6c00000)
AC   0  F    TS     7 PTAMS 0x00000000c6c00000 NTAMS 0x00000000c6c00000 space 1024K,   0% used [0x00000000c6c00000, 0x00000000c6d00000)
AC   0  F    TS     7 PTAMS 0x00000000c6d00000 NTAMS 0x00000000c6d00000 space 1024K,   0% used [0x00000000c6d00000, 0x00000000c6e00000)
AC   0  F    TS     7 PTAMS 0x00000000c6e00000 NTAMS 0x00000000c6e00000 space 1024K,   0% used [0x00000000c6e00000, 0x00000000c6f00000)
AC   0  F    TS     7 PTAMS 0x00000000c6f00000 NTAMS 0x00000000c6f00000 space 1024K,   0% used [0x00000000c6f00000, 0x00000000c7000000)
AC   0  F    TS     7 PTAMS 0x00000000c7000000 NTAMS 0x00000000c7000000 space 1024K,   0% used [0x00000000c7000000, 0x00000000c7100000)
AC   0  F    TS     7 PTAMS 0x00000000c7100000 NTAMS 0x00000000c7100000 space 1024K,   0% used [0x00000000c7100000, 0x00000000c7200000)
AC   0  F    TS     7 PTAMS 0x00000000c7200000 NTAMS 0x00000000c7200000 space 1024K,   0% used [0x00000000c7200000, 0x00000000c7300000)
AC   0  F    TS     7 PTAMS 0x00000000c7300000 NTAMS 0x00000000c7300000 space 1024K,   0% used [0x00000000c7300000, 0x00000000c7400000)
AC   0  F    TS     7 PTAMS 0x00000000c7400000 NTAMS 0x00000000c7400000 space 1024K,   0% used [0x00000000c7400000, 0x00000000c7500000)
AC   0  F    TS     7 PTAMS 0x00000000c7500000 NTAMS 0x00000000c7500000 space 1024K,   0% used [0x00000000c7500000, 0x00000000c7600000)
AC   0  F    TS     7 PTAMS 0x00000000c7600000 NTAMS 0x00000000c7600000 space 1024K,   0% used [0x00000000c7600000, 0x00000000c7700000)
AC   0  F    TS     7 PTAMS 0x00000000c7700000 NTAMS 0x00000000c7700000 space 1024K,   0% used [0x00000000c7700000, 0x00000000c7800000)
AC   0  F    TS     7 PTAMS 0x00000000c7800000 NTAMS 0x00000000c7800000 space 1024K,   0% used [0x00000000c7800000, 0x00000000c7900000)
AC   0  F    TS     7 PTAMS 0x00000000c7900000 NTAMS 0x00000000c7900000 space 1024K,   0% used [0x00000000c7900000, 0x00000000c7a00000)
AC   0  F    TS     7 PTAMS 0x00000000c7a00000 NTAMS 0x00000000c7a00000 space 1024K,   0% used [0x00000000c7a00000, 0x00000000c7b00000)
AC   0  F    TS     7 PTAMS 0x00000000c7b00000 NTAMS 0x00000000c7b00000 space 1024K,   0% used [0x00000000c7b00000, 0x00000000c7c00000)
AC   0  F    TS     7 PTAMS 0x00000000c7c00000 NTAMS 0x00000000c7c00000 space 1024K,   0% used [0x00000000c7c00000, 0x00000000c7d00000)
AC   0  F    TS     7 PTAMS 0x00000000c7d00000 NTAMS 0x00000000c7d00000 space 1024K,   0% used [0x00000000c7d00000, 0x00000000c7e00000)
AC   0  F    TS     7 PTAMS 0x00000000c7e00000 NTAMS 0x00000000c7e00000 space 1024K,   0% used [0x00000000c7e00000, 0x00000000c7f00000)
AC   0  F    TS     7 PTAMS 0x00000000c7f00000 NTAMS 0x00000000c7f00000 space 1024K,   0% used [0x00000000c7f00000, 0x00000000c8000000)
AC   0  F    TS     7 PTAMS 0x00000000c8000000 NTAMS 0x00000000c8000000 space 1024K,   0% used [0x00000000c8000000, 0x00000000c8100000)
AC   0  F    TS     7 PTAMS 0x00000000c8100000 NTAMS 0x00000000c8100000 space 1024K,   0% used [0x00000000c8100000, 0x00000000c8200000)
AC   0  F    TS     7 PTAMS 0x00000000c8200000 NTAMS 0x00000000c8200000 space 1024K,   0% used [0x00000000c8200000, 0x00000000c8300000)
AC   0  F    TS     7 PTAMS 0x00000000c8300000 NTAMS 0x00000000c8300000 space 1024K,   0% used [0x00000000c8300000, 0x00000000c8400000)

Card table byte_map: [0x0000000012ca0000,0x0000000012ea0000] byte_map_base: 0x00000000126a0000

Marking Bits (Prev, Next): (CMBitMap*) 0x00000000026c9198, (CMBitMap*) 0x00000000026c91f0
 Prev Bits: [0x00000000130a0000, 0x00000000140a0000)
 Next Bits: [0x00000000140a0000, 0x00000000150a0000)

Polling page: 0x00000000009a0000

CodeCache: size=245760Kb used=14972Kb max_used=14975Kb free=230787Kb
 bounds [0x0000000002790000, 0x0000000003650000, 0x0000000011790000]
 total_blobs=4612 nmethods=4052 adapters=472
 compilation: enabled

Compilation events (10 events):
Event: 273.817 Thread 0x00000000184cb800 nmethod 4810 0x0000000003624910 code [0x0000000003624a80, 0x0000000003624cd0]
Event: 273.841 Thread 0x00000000184cb800 4811       3       org.eclipse.jdt.internal.core.search.matching.MethodDeclarationPattern::encodeExtraFlags (49 bytes)
Event: 273.842 Thread 0x00000000184cb800 nmethod 4811 0x00000000036244d0 code [0x0000000003624620, 0x0000000003624870]
Event: 273.970 Thread 0x00000000184cb800 4812       1       org.eclipse.jdt.internal.compiler.classfmt.FieldInfoWithAnnotation::getAnnotations (5 bytes)
Event: 273.970 Thread 0x00000000184cb800 nmethod 4812 0x00000000035f3910 code [0x00000000035f3a60, 0x00000000035f3b70]
Event: 273.973 Thread 0x00000000184cb800 4813       3       org.eclipse.jdt.internal.compiler.classfmt.MethodInfo::decodeParamAnnotations (114 bytes)
Event: 273.974 Thread 0x00000000184cb800 nmethod 4813 0x0000000003628c90 code [0x0000000003628e60, 0x00000000036296e8]
Event: 273.974 Thread 0x00000000184cb800 4814       3       org.eclipse.jdt.internal.compiler.classfmt.AnnotationInfo::scanElementValue (256 bytes)
Event: 273.974 Thread 0x00000000184cb800 nmethod 4814 0x0000000003627d10 code [0x0000000003627ee0, 0x00000000036287f8]
Event: 274.072 Thread 0x00000000184c7800 4815       4       org.eclipse.jdt.core.Signature::appendClassTypeSignature (331 bytes)

GC Heap History (10 events):
Event: 272.828 GC heap after
Heap after GC invocations=35 (full 0):
 garbage-first heap   total 67584K, used 48741K [0x00000000c0000000, 0x00000000c0100210, 0x0000000100000000)
  region size 1024K, 2 young (2048K), 2 survivors (2048K)
 Metaspace       used 39647K, capacity 41854K, committed 41936K, reserved 1085440K
  class space    used 4324K, capacity 5007K, committed 5072K, reserved 1048576K
}
Event: 273.009 GC heap before
{Heap before GC invocations=36 (full 0):
 garbage-first heap   total 67584K, used 57957K [0x00000000c0000000, 0x00000000c0100210, 0x0000000100000000)
  region size 1024K, 11 young (11264K), 2 survivors (2048K)
 Metaspace       used 39647K, capacity 41854K, committed 41936K, reserved 1085440K
  class space    used 4324K, capacity 5007K, committed 5072K, reserved 1048576K
Event: 273.017 GC heap after
Heap after GC invocations=37 (full 0):
 garbage-first heap   total 67584K, used 51685K [0x00000000c0000000, 0x00000000c0100210, 0x0000000100000000)
  region size 1024K, 2 young (2048K), 2 survivors (2048K)
 Metaspace       used 39647K, capacity 41854K, committed 41936K, reserved 1085440K
  class space    used 4324K, capacity 5007K, committed 5072K, reserved 1048576K
}
Event: 273.019 GC heap before
{Heap before GC invocations=37 (full 0):
 garbage-first heap   total 67584K, used 52709K [0x00000000c0000000, 0x00000000c0100210, 0x0000000100000000)
  region size 1024K, 3 young (3072K), 2 survivors (2048K)
 Metaspace       used 39647K, capacity 41854K, committed 41936K, reserved 1085440K
  class space    used 4324K, capacity 5007K, committed 5072K, reserved 1048576K
Event: 273.033 GC heap after
Heap after GC invocations=38 (full 0):
 garbage-first heap   total 67584K, used 49318K [0x00000000c0000000, 0x00000000c0100210, 0x0000000100000000)
  region size 1024K, 1 young (1024K), 1 survivors (1024K)
 Metaspace       used 39647K, capacity 41854K, committed 41936K, reserved 1085440K
  class space    used 4324K, capacity 5007K, committed 5072K, reserved 1048576K
}
Event: 273.041 GC heap before
{Heap before GC invocations=38 (full 0):
 garbage-first heap   total 67584K, used 51366K [0x00000000c0000000, 0x00000000c0100210, 0x0000000100000000)
  region size 1024K, 3 young (3072K), 1 survivors (1024K)
 Metaspace       used 39647K, capacity 41854K, committed 41936K, reserved 1085440K
  class space    used 4324K, capacity 5007K, committed 5072K, reserved 1048576K
Event: 273.058 GC heap after
Heap after GC invocations=39 (full 0):
 garbage-first heap   total 67584K, used 50081K [0x00000000c0000000, 0x00000000c0100210, 0x0000000100000000)
  region size 1024K, 1 young (1024K), 1 survivors (1024K)
 Metaspace       used 39647K, capacity 41854K, committed 41936K, reserved 1085440K
  class space    used 4324K, capacity 5007K, committed 5072K, reserved 1048576K
}
Event: 273.084 GC heap before
{Heap before GC invocations=39 (full 0):
 garbage-first heap   total 67584K, used 57249K [0x00000000c0000000, 0x00000000c0100210, 0x0000000100000000)
  region size 1024K, 8 young (8192K), 1 survivors (1024K)
 Metaspace       used 39652K, capacity 41854K, committed 41936K, reserved 1085440K
  class space    used 4325K, capacity 5007K, committed 5072K, reserved 1048576K
Event: 273.100 GC heap after
Heap after GC invocations=40 (full 0):
 garbage-first heap   total 135168K, used 52509K [0x00000000c0000000, 0x00000000c0100420, 0x0000000100000000)
  region size 1024K, 1 young (1024K), 1 survivors (1024K)
 Metaspace       used 39652K, capacity 41854K, committed 41936K, reserved 1085440K
  class space    used 4325K, capacity 5007K, committed 5072K, reserved 1048576K
}
Event: 274.079 GC heap before
{Heap before GC invocations=40 (full 0):
 garbage-first heap   total 135168K, used 111901K [0x00000000c0000000, 0x00000000c0100420, 0x0000000100000000)
  region size 1024K, 59 young (60416K), 1 survivors (1024K)
 Metaspace       used 39662K, capacity 41918K, committed 42192K, reserved 1087488K
  class space    used 4325K, capacity 5007K, committed 5072K, reserved 1048576K

Deoptimization events (10 events):
Event: 272.016 Thread 0x000000001845b000 Uncommon trap: reason=unstable_if action=reinterpret pc=0x0000000002fda988 method=java.lang.ref.ReferenceQueue.poll()Ljava/lang/ref/Reference; @ 4
Event: 272.953 Thread 0x0000000018749000 Uncommon trap: reason=unstable_if action=reinterpret pc=0x00000000032c653c method=org.eclipse.jdt.internal.compiler.classfmt.MethodInfo.decodeLocalVariableAttribute(II)V @ 14
Event: 273.073 Thread 0x0000000018749000 Uncommon trap: reason=unstable_if action=reinterpret pc=0x00000000035b3008 method=org.eclipse.jdt.internal.core.search.indexing.BinaryIndexer.indexDocument()V @ 451
Event: 273.074 Thread 0x0000000018749000 Uncommon trap: reason=unstable_if action=reinterpret pc=0x00000000034d66cc method=org.eclipse.jdt.internal.compiler.classfmt.ClassFileReader.<init>([B[CZ)V @ 702
Event: 273.172 Thread 0x0000000018749000 Uncommon trap: reason=unstable_if action=reinterpret pc=0x00000000035a084c method=org.eclipse.jdt.internal.compiler.parser.Scanner.internalScanIdentifierOrKeyword(II[C)I @ 767
Event: 273.173 Thread 0x0000000018749000 Uncommon trap: reason=unstable_if action=reinterpret pc=0x00000000035f7f88 method=org.eclipse.jdt.internal.core.search.matching.ConstructorPattern.encodeExtraFlags(I)I @ 17
Event: 273.246 Thread 0x0000000018749000 Uncommon trap: reason=unstable_if action=reinterpret pc=0x00000000035a383c method=org.eclipse.jdt.internal.compiler.classfmt.FieldInfo.createField([B[IIJ)Lorg/eclipse/jdt/internal/compiler/classfmt/FieldInfo; @ 435
Event: 273.562 Thread 0x0000000018749000 Uncommon trap: reason=unstable_if action=reinterpret pc=0x0000000002cd26b0 method=org.eclipse.jdt.internal.core.search.matching.ConstructorPattern.encodeExtraFlags(I)I @ 17
Event: 273.562 Thread 0x0000000018749000 Uncommon trap: reason=unstable_if action=reinterpret pc=0x000000000357ecb8 method=org.eclipse.jdt.internal.core.search.matching.MethodDeclarationPattern.encodeExtraFlags(I)I @ 17
Event: 273.839 Thread 0x0000000018749000 Uncommon trap: reason=unstable_if action=reinterpret pc=0x0000000002e5566c method=org.eclipse.jdt.internal.core.search.matching.MethodDeclarationPattern.encodeExtraFlags(I)I @ 17

Internal exceptions (10 events):
Event: 264.388 Thread 0x000000001aafa000 Exception <a 'java/io/FileNotFoundException'> (0x00000000c2bb93e0) thrown at [C:\re\workspace\8-2-build-windows-amd64-cygwin\jdk8u102\7268\hotspot\src\share\vm\prims\jni.cpp, line 709]
Event: 265.521 Thread 0x000000001aafa000 Exception <a 'java/io/FileNotFoundException'> (0x00000000c2a1ded8) thrown at [C:\re\workspace\8-2-build-windows-amd64-cygwin\jdk8u102\7268\hotspot\src\share\vm\prims\jni.cpp, line 709]
Event: 265.832 Thread 0x000000001aafa000 Exception <a 'java/io/FileNotFoundException'> (0x00000000c2a67870) thrown at [C:\re\workspace\8-2-build-windows-amd64-cygwin\jdk8u102\7268\hotspot\src\share\vm\prims\jni.cpp, line 709]
Event: 265.832 Thread 0x000000001aafa000 Exception <a 'java/io/FileNotFoundException'> (0x00000000c2a69268) thrown at [C:\re\workspace\8-2-build-windows-amd64-cygwin\jdk8u102\7268\hotspot\src\share\vm\prims\jni.cpp, line 709]
Event: 266.163 Thread 0x000000001998d000 Exception <a 'sun/nio/fs/WindowsException'> (0x00000000c41904e0) thrown at [C:\re\workspace\8-2-build-windows-amd64-cygwin\jdk8u102\7268\hotspot\src\share\vm\prims\jni.cpp, line 709]
Event: 266.768 Thread 0x000000001998d000 Exception <a 'sun/nio/fs/WindowsException'> (0x00000000c40360d0) thrown at [C:\re\workspace\8-2-build-windows-amd64-cygwin\jdk8u102\7268\hotspot\src\share\vm\prims\jni.cpp, line 709]
Event: 266.772 Thread 0x000000001998d000 Exception <a 'sun/nio/fs/WindowsException'> (0x00000000c40c1bb0) thrown at [C:\re\workspace\8-2-build-windows-amd64-cygwin\jdk8u102\7268\hotspot\src\share\vm\prims\jni.cpp, line 709]
Event: 269.706 Thread 0x000000001aaf9800 Exception <a 'java/io/FileNotFoundException'> (0x00000000c3b3c8b8) thrown at [C:\re\workspace\8-2-build-windows-amd64-cygwin\jdk8u102\7268\hotspot\src\share\vm\prims\jni.cpp, line 709]
Event: 269.706 Thread 0x000000001aaf9800 Exception <a 'java/io/FileNotFoundException'> (0x00000000c3b73e28) thrown at [C:\re\workspace\8-2-build-windows-amd64-cygwin\jdk8u102\7268\hotspot\src\share\vm\prims\jni.cpp, line 709]
Event: 270.707 Thread 0x0000000018749000 Implicit null exception at 0x000000000353ea98 to 0x0000000003549d3d

Events (10 events):
Event: 273.562 Thread 0x0000000018749000 DEOPT PACKING pc=0x000000000357ecb8 sp=0x000000001b8ceb30
Event: 273.562 Thread 0x0000000018749000 DEOPT UNPACKING pc=0x00000000027d582a sp=0x000000001b8cea70 mode 2
Event: 273.569 Thread 0x0000000018749000 DEOPT PACKING pc=0x00000000035e471b sp=0x000000001b8ceb00
Event: 273.569 Thread 0x0000000018749000 DEOPT UNPACKING pc=0x00000000027d787f sp=0x000000001b8ce8c0 mode 0
Event: 273.839 Thread 0x0000000018749000 Uncommon trap: trap_request=0xffffff65 fr.pc=0x0000000002e5566c
Event: 273.839 Thread 0x0000000018749000 DEOPT PACKING pc=0x0000000002e5566c sp=0x000000001b8cead0
Event: 273.839 Thread 0x0000000018749000 DEOPT UNPACKING pc=0x00000000027d582a sp=0x000000001b8cea68 mode 2
Event: 274.066 Thread 0x0000000018749000 DEOPT PACKING pc=0x00000000036009df sp=0x000000001b8cec50
Event: 274.066 Thread 0x0000000018749000 DEOPT UNPACKING pc=0x00000000027d787f sp=0x000000001b8ceac0 mode 0
Event: 274.079 Executing VM operation: G1IncCollectionPause


Dynamic libraries:
0x000007f6b0ae0000 - 0x000007f6b0b17000 	C:\Program Files\Java\jdk1.8.0_102\bin\java.exe
0x000007ff75a20000 - 0x000007ff75bde000 	C:\windows\SYSTEM32\ntdll.dll
0x000007ff73460000 - 0x000007ff73596000 	C:\windows\system32\KERNEL32.DLL
0x000007ff72d30000 - 0x000007ff72e23000 	C:\windows\system32\KERNELBASE.dll
0x000007ff73230000 - 0x000007ff7330e000 	C:\windows\system32\ADVAPI32.dll
0x000007ff73ba0000 - 0x000007ff73cec000 	C:\windows\system32\USER32.dll
0x000007ff70610000 - 0x000007ff70879000 	C:\windows\WinSxS\amd64_microsoft.windows.common-controls_6595b64144ccf1df_6.0.9200.16384_none_418c2a697189c07f\COMCTL32.dll
0x000007ff73cf0000 - 0x000007ff73d95000 	C:\windows\system32\msvcrt.dll
0x000007ff74100000 - 0x000007ff74148000 	C:\windows\SYSTEM32\sechost.dll
0x000007ff73310000 - 0x000007ff73450000 	C:\windows\system32\RPCRT4.dll
0x000007ff73a60000 - 0x000007ff73ba0000 	C:\windows\system32\GDI32.dll
0x000007ff736c0000 - 0x000007ff736f9000 	C:\windows\system32\IMM32.DLL
0x000007ff73110000 - 0x000007ff73224000 	C:\windows\system32\MSCTF.dll
0x000000005e480000 - 0x000000005e551000 	C:\Program Files\Java\jdk1.8.0_102\jre\bin\msvcr100.dll
0x000000005dbe0000 - 0x000000005e47a000 	C:\Program Files\Java\jdk1.8.0_102\jre\bin\server\jvm.dll
0x000007ff5d130000 - 0x000007ff5d139000 	C:\windows\SYSTEM32\WSOCK32.dll
0x000007ff68e60000 - 0x000007ff68e80000 	C:\windows\SYSTEM32\WINMM.dll
0x000007ff6c920000 - 0x000007ff6c929000 	C:\windows\SYSTEM32\VERSION.dll
0x000007ff736b0000 - 0x000007ff736b7000 	C:\windows\system32\PSAPI.DLL
0x000007ff72ee0000 - 0x000007ff72f38000 	C:\windows\system32\WS2_32.dll
0x000007ff68e20000 - 0x000007ff68e52000 	C:\windows\SYSTEM32\WINMMBASE.dll
0x000007ff74200000 - 0x000007ff74209000 	C:\windows\system32\NSI.dll
0x000000005e600000 - 0x000000005e60f000 	C:\Program Files\Java\jdk1.8.0_102\jre\bin\verify.dll
0x000000005dbb0000 - 0x000000005dbd9000 	C:\Program Files\Java\jdk1.8.0_102\jre\bin\java.dll
0x000000005e5e0000 - 0x000000005e5f6000 	C:\Program Files\Java\jdk1.8.0_102\jre\bin\zip.dll
0x000007ff74210000 - 0x000007ff754f5000 	C:\windows\system32\SHELL32.dll
0x000007ff73700000 - 0x000007ff738b0000 	C:\windows\SYSTEM32\combase.dll
0x000007ff72e90000 - 0x000007ff72ee0000 	C:\windows\system32\SHLWAPI.dll
0x000007ff70ee0000 - 0x000007ff70f76000 	C:\windows\SYSTEM32\SHCORE.dll
0x000007ff72950000 - 0x000007ff72965000 	C:\windows\SYSTEM32\profapi.dll
0x000007ff72220000 - 0x000007ff7223a000 	C:\windows\SYSTEM32\CRYPTSP.dll
0x000007ff71e80000 - 0x000007ff71ec9000 	C:\windows\system32\rsaenh.dll
0x000007ff71f80000 - 0x000007ff71f9f000 	C:\windows\SYSTEM32\USERENV.dll
0x000007ff72820000 - 0x000007ff7282a000 	C:\windows\SYSTEM32\CRYPTBASE.dll
0x000007ff727c0000 - 0x000007ff7281c000 	C:\windows\SYSTEM32\bcryptPrimitives.dll
0x000000005db90000 - 0x000000005dbaa000 	C:\Program Files\Java\jdk1.8.0_102\jre\bin\net.dll
0x000007ff721c0000 - 0x000007ff7221c000 	C:\windows\system32\mswsock.dll
0x000007ff6ec30000 - 0x000007ff6ec5c000 	C:\windows\SYSTEM32\IPHLPAPI.DLL
0x000007ff6e0c0000 - 0x000007ff6e0ca000 	C:\windows\SYSTEM32\WINNSI.DLL
0x000007ff6de10000 - 0x000007ff6de23000 	C:\windows\SYSTEM32\dhcpcsvc6.DLL
0x000007ff6d9e0000 - 0x000007ff6d9f8000 	C:\windows\SYSTEM32\dhcpcsvc.DLL
0x000000005db70000 - 0x000000005db81000 	C:\Program Files\Java\jdk1.8.0_102\jre\bin\nio.dll
0x000007ff5e380000 - 0x000007ff5e3a9000 	C:\Users\Administrator\.vscode\extensions\redhat.java-0.28.0\server\config_win\org.eclipse.equinox.launcher\org.eclipse.equinox.launcher.win32.win32.x86_64_1.1.800.v20180611-1436\eclipse_1705.dll
0x000007ff5f530000 - 0x000007ff5f541000 	C:\Users\Administrator\.vscode\extensions\redhat.java-0.28.0\server\config_win\org.eclipse.osgi\24\0\.cp\jWinHttp-1.0.0.dll
0x000007ff69a70000 - 0x000007ff69b24000 	C:\windows\SYSTEM32\WINHTTP.dll
0x000007ff758a0000 - 0x000007ff75a1e000 	C:\windows\system32\ole32.dll
0x000000005db40000 - 0x000000005db64000 	C:\Program Files\Java\jdk1.8.0_102\jre\bin\sunec.dll
0x000000005db30000 - 0x000000005db3b000 	C:\Program Files\Java\jdk1.8.0_102\jre\bin\sunmscapi.dll
0x000007ff72aa0000 - 0x000007ff72c77000 	C:\windows\system32\CRYPT32.dll
0x000007ff72a00000 - 0x000007ff72a16000 	C:\windows\system32\MSASN1.dll
0x000007ff6d8c0000 - 0x000007ff6d95f000 	C:\windows\system32\apphelp.dll
0x000007ff71fe0000 - 0x000007ff72078000 	C:\windows\SYSTEM32\DNSAPI.dll
0x000007ff61220000 - 0x000007ff61228000 	C:\Windows\System32\rasadhlp.dll
0x000007ff6e000000 - 0x000007ff6e05f000 	C:\windows\System32\fwpuclnt.dll

VM Arguments:
jvm_args: -Declipse.application=org.eclipse.jdt.ls.core.id1 -Dosgi.bundles.defaultStartLevel=4 -Declipse.product=org.eclipse.jdt.ls.core.product -Xverify:none -Xmx1G -XX:+UseG1GC -XX:+UseStringDeduplication 
java_command: C:\Users\Administrator\.vscode\extensions\redhat.java-0.28.0\server\plugins\org.eclipse.equinox.launcher_1.5.100.v20180611-1436.jar -configuration C:\Users\Administrator\.vscode\extensions\redhat.java-0.28.0\server\config_win -data C:\Users\Administrator\AppData\Roaming\Code\User\workspaceStorage\17abc01a64d86eb8e45785cfade9bfd6\redhat.java\jdt_ws
java_class_path (initial): C:\Users\Administrator\.vscode\extensions\redhat.java-0.28.0\server\plugins\org.eclipse.equinox.launcher_1.5.100.v20180611-1436.jar
Launcher Type: SUN_STANDARD

Environment Variables:
PATH=C:\ProgramData\Oracle\Java\javapath;C:\Program Files (x86)\Intel\iCLS Client\;C:\Program Files\Intel\iCLS Client\;C:\windows\system32;C:\windows;C:\windows\System32\Wbem;C:\windows\System32\WindowsPowerShell\v1.0\;C:\Program Files (x86)\Intel\OpenCL SDK\3.0\bin\x86;C:\Program Files (x86)\Intel\OpenCL SDK\3.0\bin\x64;C:\Program Files\Intel\Intel(R) Management Engine Components\DAL;C:\Program Files\Intel\Intel(R) Management Engine Components\IPT;C:\Program Files (x86)\Intel\Intel(R) Management Engine Components\DAL;C:\Program Files (x86)\Intel\Intel(R) Management Engine Components\IPT;C:\Program Files (x86)\NVIDIA Corporation\PhysX\Common;C:\Program Files (x86)\GtkSharp\2.12\bin;C:\Program Files\Git\cmd;C:\Program Files\dotnet\;C:\Program Files\PuTTY\;C:\Program Files\nodejs\;C:\Program Files\Java\jdk1.8.0_102\bin;C:\Windows\Microsoft.NET\assembly\GAC_MSIL\System.Net\v4.0_4.0.0.0__b03f5f7f11d50a3a;C:\MinGW\bin;C:\Windows\Microsoft.NET\Framework\v4.0.30319;C:\Program Files\Mono\bin;;C:\Users\Administrator\AppData\Local\Programs\Fiddler;C:\Program Files\Microsoft VS Code\bin;C:\Users\Administrator\AppData\Roaming\npm;C:\Program Files\nodejs
USERNAME=Administrator
OS=Windows_NT
PROCESSOR_IDENTIFIER=Intel64 Family 6 Model 60 Stepping 3, GenuineIntel



---------------  S Y S T E M  ---------------

OS: Windows 8 , 64 bit Build 9200 (6.2.9200.16384)

CPU:total 4 (2 cores per cpu, 2 threads per core) family 6 model 60 stepping 3, cmov, cx8, fxsr, mmx, sse, sse2, sse3, ssse3, sse4.1, sse4.2, popcnt, avx, avx2, clmul, erms, lzcnt, ht, tsc, tscinvbit, bmi1, bmi2

Memory: 4k page, physical 4109824k(394800k free), swap 5598956k(105888k free)

vm_info: Java HotSpot(TM) 64-Bit Server VM (25.102-b14) for windows-amd64 JRE (1.8.0_102-b14), built on Jun 22 2016 13:15:21 by "java_re" with MS VC++ 10.0 (VS2010)

time: Sun Jul 15 21:46:49 2018
elapsed time: 274 seconds (0d 0h 4m 34s)

